build/app/outputs/mapping/release/configuration.txt
# The proguard configuration file for the following section is intermediates\proguard-files\proguard-android.txt-4.1.3
# This is a configuration file for ProGuard.
# http://proguard.sourceforge.net/index.html#manual/usage.html
#
# Starting with version 2.2 of the Android plugin for Gradle, this file is distributed together with
# the plugin and unpacked at build-time. The files in $ANDROID_HOME are no longer maintained and
# will be ignored by new version of the Android plugin for Gradle.

# Optimization is turned off by default. Dex does not like code run
# through the ProGuard optimize steps (and performs some
# of these optimizations on its own).
# Note that if you want to enable optimization, you cannot just
# include optimization flags in your own project configuration file;
# instead you will need to point to the
# "proguard-android-optimize.txt" file instead of this one from your
# project.properties file.
-dontoptimize

-dontusemixedcaseclassnames
-dontskipnonpubliclibraryclasses
-verbose

# Preserve some attributes that may be required for reflection.
-keepattributes *Annotation*,Signature,InnerClasses,EnclosingMethod

-keep public class com.google.vending.licensing.ILicensingService
-keep public class com.android.vending.licensing.ILicensingService
-keep public class com.google.android.vending.licensing.ILicensingService
-dontnote com.android.vending.licensing.ILicensingService
-dontnote com.google.vending.licensing.ILicensingService
-dontnote com.google.android.vending.licensing.ILicensingService

# For native methods, see http://proguard.sourceforge.net/manual/examples.html#native
-keepclasseswithmembernames,includedescriptorclasses class * {
    native <methods>;
}

# Keep setters in Views so that animations can still work.
-keepclassmembers public class * extends android.view.View {
    void set*(***);
    *** get*();
}

# We want to keep methods in Activity that could be used in the XML attribute onClick.
-keepclassmembers class * extends android.app.Activity {
    public void *(android.view.View);
}

# For enumeration classes, see http://proguard.sourceforge.net/manual/examples.html#enumerations
-keepclassmembers enum * {
    public static **[] values();
    public static ** valueOf(java.lang.String);
}

-keepclassmembers class * implements android.os.Parcelable {
    public static final ** CREATOR;
}

# Preserve annotated Javascript interface methods.
-keepclassmembers class * {
    @android.webkit.JavascriptInterface <methods>;
}

# The support libraries contains references to newer platform versions.
# Don't warn about those in case this app is linking against an older
# platform version. We know about them, and they are safe.
-dontnote android.support.**
-dontnote androidx.**
-dontwarn android.support.**
-dontwarn androidx.**

# This class is deprecated, but remains for backward compatibility.
-dontwarn android.util.FloatMath

# Understand the @Keep support annotation.
-keep class android.support.annotation.Keep
-keep class androidx.annotation.Keep

-keep @android.support.annotation.Keep class * {*;}
-keep @androidx.annotation.Keep class * {*;}

-keepclasseswithmembers class * {
    @android.support.annotation.Keep <methods>;
}

-keepclasseswithmembers class * {
    @androidx.annotation.Keep <methods>;
}

-keepclasseswithmembers class * {
    @android.support.annotation.Keep <fields>;
}

-keepclasseswithmembers class * {
    @androidx.annotation.Keep <fields>;
}

-keepclasseswithmembers class * {
    @android.support.annotation.Keep <init>(...);
}

-keepclasseswithmembers class * {
    @androidx.annotation.Keep <init>(...);
}

# These classes are duplicated between android.jar and org.apache.http.legacy.jar.
-dontnote org.apache.http.**
-dontnote android.net.http.**

# These classes are duplicated between android.jar and core-lambda-stubs.jar.
-dontnote java.lang.invoke.**

# End of content from intermediates\proguard-files\proguard-android.txt-4.1.3
# The proguard configuration file for the following section is flutter_tools\gradle\flutter_proguard_rules.pro
# Build the ephemeral app in a module project.
# Prevents: Warning: library class <plugin-package> depends on program class io.flutter.plugin.**
# This is due to plugins (libraries) depending on the embedding (the program jar)
-dontwarn io.flutter.plugin.**

# The android.** package is provided by the OS at runtime.
-dontwarn android.**

# End of content from flutter_tools\gradle\flutter_proguard_rules.pro
# The proguard configuration file for the following section is aapt_proguard_file\release\aapt_rules.txt
-keep class androidx.core.app.CoreComponentFactory { <init>(); }
-keep class androidx.lifecycle.ProcessLifecycleOwnerInitializer { <init>(); }
-keep class androidx.media.session.MediaButtonReceiver { <init>(); }
-keep class androidx.multidex.MultiDexApplication { <init>(); }
-keep class com.example.social_app.MainActivity { <init>(); }
-keep class com.google.android.datatransport.runtime.backends.TransportBackendDiscovery { <init>(); }
-keep class com.google.android.datatransport.runtime.scheduling.jobscheduling.AlarmManagerSchedulerBroadcastReceiver { <init>(); }
-keep class com.google.android.datatransport.runtime.scheduling.jobscheduling.JobInfoSchedulerService { <init>(); }
-keep class com.google.android.gms.common.api.GoogleApiActivity { <init>(); }
-keep class com.google.firebase.auth.api.fallback.service.FirebaseAuthFallbackService { <init>(); }
-keep class com.google.firebase.auth.internal.GenericIdpActivity { <init>(); }
-keep class com.google.firebase.auth.internal.RecaptchaActivity { <init>(); }
-keep class com.google.firebase.components.ComponentDiscoveryService { <init>(); }
-keep class com.google.firebase.iid.FirebaseInstanceIdReceiver { <init>(); }
-keep class com.google.firebase.messaging.FirebaseMessagingService { <init>(); }
-keep class com.google.firebase.provider.FirebaseInitProvider { <init>(); }
-keep class io.flutter.plugins.firebase.messaging.FlutterFirebaseMessagingBackgroundService { <init>(); }
-keep class io.flutter.plugins.firebase.messaging.FlutterFirebaseMessagingInitProvider { <init>(); }
-keep class io.flutter.plugins.firebase.messaging.FlutterFirebaseMessagingReceiver { <init>(); }
-keep class io.flutter.plugins.firebase.messaging.FlutterFirebaseMessagingService { <init>(); }
-keep class io.flutter.plugins.imagepicker.ImagePickerFileProvider { <init>(); }
-keep class me.carda.awesome_notifications.notifications.broadcastReceivers.DismissedNotificationReceiver { <init>(); }
-keep class me.carda.awesome_notifications.notifications.broadcastReceivers.KeepOnTopActionReceiver { <init>(); }
-keep class me.carda.awesome_notifications.notifications.broadcastReceivers.RefreshNotificationBootReceiver { <init>(); }
-keep class me.carda.awesome_notifications.notifications.broadcastReceivers.ScheduledNotificationReceiver { <init>(); }
-keep class androidx.browser.browseractions.BrowserActionsFallbackMenuView { <init>(android.content.Context, android.util.AttributeSet); }


# End of content from aapt_proguard_file\release\aapt_rules.txt
# The proguard configuration file for the following section is release\lib0\proguard.txt
# The point of this package is to specify that a dependent plugin intends to
# use the AndroidX lifecycle classes. Make sure no R8 heuristics shrink classes
# brought in by the embedding's pom.
#
# This isn't strictly needed since by definition, plugins using Android
# lifecycles should implement DefaultLifecycleObserver and therefore keep it
# from being shrunk. But there seems to be an R8 bug so this needs to stay
# https://issuetracker.google.com/issues/142778206.
-keep class androidx.lifecycle.DefaultLifecycleObserver

# End of content from release\lib0\proguard.txt
# The proguard configuration file for the following section is 896e2f4f8d19f6815fa1177d1baae618\jetified-firebase-messaging-22.0.0\proguard.txt
# Analytics library is optional.
# Access to this class is protected by try/catch(NoClassDefFoundError e)
# b/35686744 Don't fail during proguard if the class is missing from the APK.
-dontwarn com.google.android.gms.measurement.AppMeasurement*

# End of content from 896e2f4f8d19f6815fa1177d1baae618\jetified-firebase-messaging-22.0.0\proguard.txt
# The proguard configuration file for the following section is 0992b0b2ab86097e2695843172ba65b9\jetified-firebase-auth-21.0.1\proguard.txt
-dontwarn com.google.appengine.api.**
-dontwarn okio.**
-dontwarn org.apache.**
-dontwarn retrofit.android.**
-dontwarn retrofit.appengine.**
-dontwarn retrofit.client.**
-dontwarn rx.**

# This is necessary for keeping SecureTokenHttpApi and IdentityToolkitHttpApi
# Otherwise those classes get stripped out, as they are only being used
# reflectively.

-keepclasseswithmembernames interface * {
    @retrofit.http.* <methods>;
}

# We keep all fields for every generated proto file as the runtime uses
# reflection over them that ProGuard cannot detect. Without this keep
# rule, fields may be removed that would cause runtime failures.
-keepclassmembers class * extends com.google.android.gms.internal.firebase-auth-api.zzzw {
  <fields>;
}

# End of content from 0992b0b2ab86097e2695843172ba65b9\jetified-firebase-auth-21.0.1\proguard.txt
# The proguard configuration file for the following section is 9ab91cb04251c35b5e73c7e5d05a2452\jetified-firebase-firestore-23.0.1\proguard.txt
# Needed for DNS resolution.  Present in OpenJDK, but not Android
-dontwarn javax.naming.**

# Don't warn about checkerframework
#
# Guava uses the checkerframework and the annotations
# can safely be ignored at runtime.
-dontwarn org.checkerframework.**

# Guava warnings:
-dontwarn java.lang.ClassValue
-dontwarn com.google.j2objc.annotations.Weak
-dontwarn org.codehaus.mojo.animal_sniffer.IgnoreJRERequirement
-dontwarn javax.lang.model.element.Modifier

# Okhttp warnings.
-dontwarn okio.**
-dontwarn com.google.j2objc.annotations.**

# End of content from 9ab91cb04251c35b5e73c7e5d05a2452\jetified-firebase-firestore-23.0.1\proguard.txt
# The proguard configuration file for the following section is d76b26b4aabe6099da4f41a7da7ec077\jetified-firebase-storage-20.0.0\proguard.txt

# End of content from d76b26b4aabe6099da4f41a7da7ec077\jetified-firebase-storage-20.0.0\proguard.txt
# The proguard configuration file for the following section is 11f57aec7bf0ff337ad310c65f26f4cf\jetified-play-services-base-17.1.0\proguard.txt
# b/35135904 Ensure that proguard will not strip the mResultGuardian.
-keepclassmembers class com.google.android.gms.common.api.internal.BasePendingResult {
  com.google.android.gms.common.api.internal.BasePendingResult$ReleasableResultGuardian mResultGuardian;
}

# End of content from 11f57aec7bf0ff337ad310c65f26f4cf\jetified-play-services-base-17.1.0\proguard.txt
# The proguard configuration file for the following section is a6e3cbd9e205404331e091c0cf503365\jetified-firebase-auth-interop-20.0.0\proguard.txt
# Can be removed once we pull in a dependency on firebase-common that includes
# https://github.com/firebase/firebase-android-sdk/pull/1472/commits/856f1ca1151cdd88679bbc778892f23dfa34fc06#diff-a2ed34b5a38b4c6c686b09e54865eb48
-dontwarn com.google.auto.value.AutoValue
-dontwarn com.google.auto.value.AutoValue$Builder

# End of content from a6e3cbd9e205404331e091c0cf503365\jetified-firebase-auth-interop-20.0.0\proguard.txt
# The proguard configuration file for the following section is b93584060cf9151a9bfbed24ba154900\jetified-firebase-common-20.0.0\proguard.txt
-dontwarn com.google.firebase.platforminfo.KotlinDetector
-dontwarn com.google.auto.value.AutoValue
-dontwarn com.google.auto.value.AutoValue$Builder

# End of content from b93584060cf9151a9bfbed24ba154900\jetified-firebase-common-20.0.0\proguard.txt
# The proguard configuration file for the following section is fb27733b62a085af60244cc535410835\jetified-play-services-basement-17.1.0\proguard.txt
# Proguard flags for consumers of the Google Play services SDK
# https://developers.google.com/android/guides/setup#add_google_play_services_to_your_project

# Keep SafeParcelable NULL value, needed for reflection by DowngradeableSafeParcel
-keepclassmembers public class com.google.android.gms.common.internal.safeparcel.SafeParcelable {
    public static final *** NULL;
}

# Needed for Parcelable/SafeParcelable classes & their creators to not get renamed, as they are
# found via reflection.
-keep class com.google.android.gms.common.internal.ReflectedParcelable
-keepnames class * implements com.google.android.gms.common.internal.ReflectedParcelable
-keepclassmembers class * implements android.os.Parcelable {
  public static final *** CREATOR;
}

# Keep the classes/members we need for client functionality.
-keep @interface android.support.annotation.Keep
-keep @android.support.annotation.Keep class *
-keepclasseswithmembers class * {
  @android.support.annotation.Keep <fields>;
}
-keepclasseswithmembers class * {
  @android.support.annotation.Keep <methods>;
}

# Keep androidX equivalent of above android.support to allow Jetification.
-keep @interface androidx.annotation.Keep
-keep @androidx.annotation.Keep class *
-keepclasseswithmembers class * {
  @androidx.annotation.Keep <fields>;
}
-keepclasseswithmembers class * {
  @androidx.annotation.Keep <methods>;
}

# Keep the names of classes/members we need for client functionality.
-keep @interface com.google.android.gms.common.annotation.KeepName
-keepnames @com.google.android.gms.common.annotation.KeepName class *
-keepclassmembernames class * {
  @com.google.android.gms.common.annotation.KeepName *;
}

# Keep Dynamite API entry points
-keep @interface com.google.android.gms.common.util.DynamiteApi
-keep @com.google.android.gms.common.util.DynamiteApi public class * {
  public <fields>;
  public <methods>;
}

# Needed when building against pre-Marshmallow SDK.
-dontwarn android.security.NetworkSecurityPolicy

# Needed when building against Marshmallow SDK.
-dontwarn android.app.Notification

# Protobuf has references not on the Android boot classpath
-dontwarn sun.misc.Unsafe
-dontwarn libcore.io.Memory

# Internal Google annotations for generating Proguard keep rules.
-dontwarn com.google.android.apps.common.proguard.UsedBy*

# Annotations referenced by the SDK but whose definitions are contained in
# non-required dependencies.
-dontwarn javax.annotation.**
-dontwarn org.checkerframework.**

# End of content from fb27733b62a085af60244cc535410835\jetified-play-services-basement-17.1.0\proguard.txt
# The proguard configuration file for the following section is ab766990cde76ff7a229ae3f2450f307\media-1.0.0\proguard.txt
# Copyright (C) 2017 The Android Open Source Project
#
# Licensed under the Apache License, Version 2.0 (the "License");
# you may not use this file except in compliance with the License.
# You may obtain a copy of the License at
#
#      http://www.apache.org/licenses/LICENSE-2.0
#
# Unless required by applicable law or agreed to in writing, software
# distributed under the License is distributed on an "AS IS" BASIS,
# WITHOUT WARRANTIES OR CONDITIONS OF ANY KIND, either express or implied.
# See the License for the specific language governing permissions and
# limitations under the License.

# Prevent Parcelable objects from being removed or renamed.
-keep class android.support.v4.media.** implements android.os.Parcelable {
    public static final android.os.Parcelable$Creator *;
}

# Prevent Parcelable objects from being removed or renamed.
-keep class androidx.media.** implements android.os.Parcelable {
    public static final android.os.Parcelable$Creator *;
}
# End of content from ab766990cde76ff7a229ae3f2450f307\media-1.0.0\proguard.txt
# The proguard configuration file for the following section is 2c12319ed062ce76f21698bdd38d8eab\coordinatorlayout-1.0.0\proguard.txt
# Copyright (C) 2016 The Android Open Source Project
#
# Licensed under the Apache License, Version 2.0 (the "License");
# you may not use this file except in compliance with the License.
# You may obtain a copy of the License at
#
#      http://www.apache.org/licenses/LICENSE-2.0
#
# Unless required by applicable law or agreed to in writing, software
# distributed under the License is distributed on an "AS IS" BASIS,
# WITHOUT WARRANTIES OR CONDITIONS OF ANY KIND, either express or implied.
# See the License for the specific language governing permissions and
# limitations under the License.

# CoordinatorLayout resolves the behaviors of its child components with reflection.
-keep public class * extends androidx.coordinatorlayout.widget.CoordinatorLayout$Behavior {
    public <init>(android.content.Context, android.util.AttributeSet);
    public <init>();
}

# Make sure we keep annotations for CoordinatorLayout's DefaultBehavior and ViewPager's DecorView
-keepattributes *Annotation*

# End of content from 2c12319ed062ce76f21698bdd38d8eab\coordinatorlayout-1.0.0\proguard.txt
# The proguard configuration file for the following section is 1f225ef070cf69d9892f6a7d842f64d6\core-1.3.1\proguard.txt
# Never inline methods, but allow shrinking and obfuscation.
-keepclassmembernames,allowobfuscation,allowshrinking class androidx.core.view.ViewCompat$Api* {
  <methods>;
}
-keepclassmembernames,allowobfuscation,allowshrinking class androidx.core.view.WindowInsetsCompat$Impl* {
  <methods>;
}
-keepclassmembernames,allowobfuscation,allowshrinking class androidx.core.view.WindowInsetsCompat$BuilderImpl* {
  <methods>;
}
# End of content from 1f225ef070cf69d9892f6a7d842f64d6\core-1.3.1\proguard.txt
# The proguard configuration file for the following section is 34cdce9104bce657d072c303c80d2db9\jetified-lifecycle-viewmodel-savedstate-2.2.0\proguard.txt
-keepclassmembers,allowobfuscation class * extends androidx.lifecycle.ViewModel {
    <init>(androidx.lifecycle.SavedStateHandle);
}

-keepclassmembers,allowobfuscation class * extends androidx.lifecycle.AndroidViewModel {
    <init>(android.app.Application,androidx.lifecycle.SavedStateHandle);
}

# End of content from 34cdce9104bce657d072c303c80d2db9\jetified-lifecycle-viewmodel-savedstate-2.2.0\proguard.txt
# The proguard configuration file for the following section is 83a12ffb7d43d76c95538b1dd0c3a0a0\lifecycle-viewmodel-2.2.0\proguard.txt
-keepclassmembers,allowobfuscation class * extends androidx.lifecycle.ViewModel {
    <init>();
}

-keepclassmembers,allowobfuscation class * extends androidx.lifecycle.AndroidViewModel {
    <init>(android.app.Application);
}

# End of content from 83a12ffb7d43d76c95538b1dd0c3a0a0\lifecycle-viewmodel-2.2.0\proguard.txt
# The proguard configuration file for the following section is 52757d5bd4818ac1a26e89cb64957dff\jetified-lifecycle-process-2.2.0\proguard.txt
# this rule is need to work properly when app is compiled with api 28, see b/142778206
-keepclassmembers class * extends androidx.lifecycle.EmptyActivityLifecycleCallbacks { *; }
# End of content from 52757d5bd4818ac1a26e89cb64957dff\jetified-lifecycle-process-2.2.0\proguard.txt
# The proguard configuration file for the following section is bcc7004ab3c3c1436e9ccb6c033241f4\lifecycle-runtime-2.2.0\proguard.txt
-keepattributes *Annotation*

-keepclassmembers enum androidx.lifecycle.Lifecycle$Event {
    <fields>;
}

-keep !interface * implements androidx.lifecycle.LifecycleObserver {
}

-keep class * implements androidx.lifecycle.GeneratedAdapter {
    <init>(...);
}

-keepclassmembers class ** {
    @androidx.lifecycle.OnLifecycleEvent *;
}

# this rule is need to work properly when app is compiled with api 28, see b/142778206
-keepclassmembers class androidx.lifecycle.ReportFragment$LifecycleCallbacks { *; }
# End of content from bcc7004ab3c3c1436e9ccb6c033241f4\lifecycle-runtime-2.2.0\proguard.txt
# The proguard configuration file for the following section is f7885a0ee749becd4d550f89a3edda66\jetified-savedstate-1.0.0\proguard.txt
# Copyright (C) 2019 The Android Open Source Project
#
# Licensed under the Apache License, Version 2.0 (the "License");
# you may not use this file except in compliance with the License.