build/app/outputs/mapping/release/seeds.txt
com.google.android.gms.internal.firebase-auth-api.zzgx
com.google.android.gms.internal.firebase-auth-api.zzim: java.lang.String zze
com.google.android.datatransport.runtime.backends.TransportBackendDiscovery: TransportBackendDiscovery()
com.google.android.datatransport.cct.CctBackendFactory: com.google.android.datatransport.runtime.backends.TransportBackend create(com.google.android.datatransport.runtime.backends.CreationContext)
com.google.android.gms.internal.firebase-auth-api.zzne: android.os.Parcelable$Creator CREATOR
com.google.firebase.auth.TwitterAuthCredential: android.os.Parcelable$Creator CREATOR
com.google.android.gms.internal.firebase-auth-api.zzhj: int zze
com.google.firestore.v1.TargetChange: int TARGET_CHANGE_TYPE_FIELD_NUMBER
com.google.firestore.v1.BatchGetDocumentsRequest: int MASK_FIELD_NUMBER
androidx.lifecycle.EmptyActivityLifecycleCallbacks: void onActivityStopped(android.app.Activity)
io.flutter.embedding.engine.renderer.SurfaceTextureWrapper: android.graphics.SurfaceTexture surfaceTexture()
com.google.android.gms.internal.firebase-auth-api.zzij: int zzg
io.flutter.embedding.engine.FlutterJNI: void addEngineLifecycleListener(io.flutter.embedding.engine.FlutterEngine$EngineLifecycleListener)
com.google.android.gms.internal.firebase-auth-api.zzgd: com.google.android.gms.internal.firebase-auth-api.zzgd zzb
com.google.firebase.firestore.proto.Target: com.google.protobuf.Timestamp lastLimboFreeSnapshotVersion_
io.flutter.plugin.editing.ImeSyncDeferringInsetsCallback: android.view.View access$600(io.flutter.plugin.editing.ImeSyncDeferringInsetsCallback)
androidx.media.AudioAttributesImplApi21Parcelizer: AudioAttributesImplApi21Parcelizer()
com.google.android.gms.auth.api.signin.GoogleSignInAccount: android.os.Parcelable$Creator CREATOR
com.google.firestore.v1.DocumentRemove: int READ_TIME_FIELD_NUMBER
com.google.android.gms.internal.firebase-auth-api.zzfr
com.google.firestore.v1.TransactionOptions$ReadOnly: com.google.protobuf.Parser PARSER
io.flutter.embedding.engine.FlutterJNI: void setViewportMetrics(float,int,int,int,int,int,int,int,int,int,int,int,int,int,int)
android.support.v4.media.session.MediaSessionCompat$QueueItem: android.os.Parcelable$Creator CREATOR
com.google.protobuf.Timestamp: int NANOS_FIELD_NUMBER
com.google.firestore.v1.CommitRequest: com.google.protobuf.Parser PARSER
com.google.firebase.firestore.proto.UnknownDocument: int VERSION_FIELD_NUMBER
com.google.firestore.v1.Document: com.google.protobuf.Timestamp createTime_
androidx.lifecycle.LifecycleDispatcher$DispatcherActivityCallback: void onActivitySaveInstanceState(android.app.Activity,android.os.Bundle)
com.google.firestore.v1.TargetChange
com.google.firestore.v1.WriteResult: com.google.protobuf.Parser PARSER
com.google.firestore.v1.ListenRequest: com.google.protobuf.MapFieldLite labels_
com.google.protobuf.Any: com.google.protobuf.Any DEFAULT_INSTANCE
io.flutter.embedding.engine.FlutterJNI: void nativeSurfaceDestroyed(long)
com.google.firestore.v1.Target: java.lang.Object resumeType_
com.google.firestore.v1.Target$QueryTarget: java.lang.String parent_
com.google.android.gms.internal.firebase-auth-api.zzhd: com.google.android.gms.internal.firebase-auth-api.zzhd zzb
com.google.android.gms.internal.firebase-auth-api.zzga: com.google.android.gms.internal.firebase-auth-api.zzyu zzf
com.google.android.gms.internal.firebase-auth-api.zzmc: android.os.Parcelable$Creator CREATOR
com.google.firebase.firestore.remote.ConnectivityMonitor$NetworkStatus: com.google.firebase.firestore.remote.ConnectivityMonitor$NetworkStatus valueOf(java.lang.String)
com.google.firestore.v1.DocumentTransform: com.google.protobuf.Parser PARSER
com.google.firestore.v1.DocumentDelete: int removedTargetIdsMemoizedSerializedSize
io.grpc.okhttp.OkHttpFrameLogger$Direction: io.grpc.okhttp.OkHttpFrameLogger$Direction valueOf(java.lang.String)