build/app/outputs/mapping/release/usage.txt
com.google.errorprone.annotations.FormatString
com.google.firebase.firestore.core.TargetIdGenerator:
    private static final int QUERY_CACHE_ID
    private static final int SYNC_ENGINE_ID
    private static final int RESERVED_BITS
com.google.common.collect.Collections2$OrderedPermutationCollection
com.google.protobuf.GeneratedMessageLite$ExtendableMessage:
    private boolean parseExtension(com.google.protobuf.CodedInputStream,com.google.protobuf.ExtensionRegistryLite,com.google.protobuf.GeneratedMessageLite$GeneratedExtension,int,int)
    private void mergeMessageSetExtensionFromCodedStream(com.google.protobuf.MessageLite,com.google.protobuf.CodedInputStream,com.google.protobuf.ExtensionRegistryLite)
    private void eagerlyMergeMessageSetExtension(com.google.protobuf.CodedInputStream,com.google.protobuf.GeneratedMessageLite$GeneratedExtension,com.google.protobuf.ExtensionRegistryLite,int)
    private void mergeMessageSetExtensionFromBytes(com.google.protobuf.ByteString,com.google.protobuf.ExtensionRegistryLite,com.google.protobuf.GeneratedMessageLite$GeneratedExtension)
    private void verifyExtensionContainingType(com.google.protobuf.GeneratedMessageLite$GeneratedExtension)
    protected final void mergeExtensionFields(com.google.protobuf.GeneratedMessageLite$ExtendableMessage)
    protected boolean parseUnknownField(com.google.protobuf.MessageLite,com.google.protobuf.CodedInputStream,com.google.protobuf.ExtensionRegistryLite,int)
    protected boolean parseUnknownFieldAsMessageSet(com.google.protobuf.MessageLite,com.google.protobuf.CodedInputStream,com.google.protobuf.ExtensionRegistryLite,int)
    public final boolean hasExtension(com.google.protobuf.ExtensionLite)
    public final int getExtensionCount(com.google.protobuf.ExtensionLite)
com.google.common.collect.Lists$TransformingSequentialList
com.google.gson.JsonPrimitive:
    public void <init>(java.lang.Character)
    public com.google.gson.JsonPrimitive deepCopy()
    public java.math.BigDecimal getAsBigDecimal()
    public java.math.BigInteger getAsBigInteger()
    public float getAsFloat()
    public short getAsShort()
    public byte getAsByte()
    public char getAsCharacter()
    public synthetic bridge com.google.gson.JsonElement deepCopy()
androidx.core.util.PatternsCompat
javax.annotation.meta.TypeQualifierValidator
com.google.android.gms.common.internal.LegacyInternalGmsClient
com.google.protobuf.DescriptorProtos$EnumOptionsOrBuilder
com.google.common.io.CharSequenceReader
com.google.protobuf.SourceContext
com.google.android.gms.common.api.internal.zabn:
    public final com.google.android.gms.common.api.internal.BaseImplementation$ApiMethodImpl execute(com.google.android.gms.common.api.internal.BaseImplementation$ApiMethodImpl)
    public final void zaa(com.google.android.gms.common.api.internal.zack)
    public final void zab(com.google.android.gms.common.api.internal.zack)
    public final android.content.Context getContext()
org.checkerframework.checker.index.qual.SubstringIndexFor
com.google.gson.internal.Excluder:
    public com.google.gson.internal.Excluder withVersion(double)
    public varargs com.google.gson.internal.Excluder withModifiers(int[])
    public com.google.gson.internal.Excluder disableInnerClassSerialization()
    public com.google.gson.internal.Excluder excludeFieldsWithoutExposeAnnotation()
    public com.google.gson.internal.Excluder withExclusionStrategy(com.google.gson.ExclusionStrategy,boolean,boolean)
    private static final double IGNORE_VERSIONS
io.grpc.internal.ManagedChannelImpl$LbHelperImpl$1
org.checkerframework.checker.signature.qual.SignatureBottom
com.google.android.gms.common.api.internal.IStatusCallback$Stub
com.google.common.base.FinalizableReference
org.checkerframework.checker.index.qual.LessThanUnknown
io.flutter.plugins.pathprovider.PathProviderPlugin:
    public static void registerWith(io.flutter.plugin.common.PluginRegistry$Registrar)
com.google.protobuf.TimestampProto